
UsersController
  GET #edit
    ログインユーザーの場合
[32m      レスポンスが成功すること[0m
[31m      @userが正しく設定されていること (FAILED - 1)[0m

Bookモデルのテスト
  バリデーションのテスト
    titleカラム
[32m      空欄でないこと[0m
    bodyカラム
[32m      空欄でないこと[0m
[32m      200文字以下であること: 200文字は〇[0m
[32m      200文字以下であること: 201文字は×[0m
  アソシエーションのテスト
    Userモデルとの関係
[32m      N:1となっている[0m

Userモデルのテスト
  バリデーションのテスト
    nameカラム
[32m      空欄でないこと[0m
[32m      2文字以上であること: 1文字は×[0m
[32m      2文字以上であること: 2文字は〇[0m
[32m      20文字以下であること: 20文字は〇[0m
[32m      20文字以下であること: 21文字は×[0m
[32m      一意性があること[0m
    introductionカラム
[32m      50文字以下であること: 50文字は〇[0m
[32m      50文字以下であること: 51文字は×[0m
  アソシエーションのテスト
    Bookモデルとの関係
[32m      1:Nとなっている[0m

[STEP1] ユーザログイン前のテスト
  トップ画面のテスト
    表示内容の確認
[32m      URLが正しい[0m
[32m      Log inリンクが表示される: 青色のボタンの表示が「Log in」である[0m
[32m      Log inリンクの内容が正しい[0m
[31m      Sign upリンクが表示される: 緑色のボタンの表示が「Sign up」である (FAILED - 2)[0m
[32m      Sign upリンクの内容が正しい[0m
  アバウト画面のテスト
    表示内容の確認
[31m      URLが正しい (FAILED - 3)[0m
  ヘッダーのテスト: ログインしていない場合
    表示内容の確認
[32m      Bookersリンクが表示される: 左上から1番目のリンクが「Bookers」である[0m
[32m      Homeリンクが表示される: 左上から2番目のリンクが「Home」である[0m
[32m      Aboutリンクが表示される: 左上から3番目のリンクが「About」である[0m
[32m      Sign upリンクが表示される: 左上から4番目のリンクが「Sign up」である[0m
[32m      Log inリンクが表示される: 左上から5番目のリンクが「Log in」である[0m
    リンクの内容を確認
[32m      Bookersを押すと、トップ画面に遷移する[0m
[32m      Homeを押すと、トップ画面に遷移する[0m
[31m      Aboutを押すと、アバウト画面に遷移する (FAILED - 4)[0m
[32m      Sign upを押すと、新規登録画面に遷移する[0m
[32m      Log inを押すと、ログイン画面に遷移する[0m
  ユーザ新規登録のテスト
    表示内容の確認
[32m      URLが正しい[0m
[32m      「Sign up」と表示される[0m
[32m      nameフォームが表示される[0m
[32m      emailフォームが表示される[0m
[32m      passwordフォームが表示される[0m
[32m      password_confirmationフォームが表示される[0m
[32m      Sign upボタンが表示される[0m
    新規登録成功のテスト
[31m      正しく新規登録される (FAILED - 5)[0m
[31m      新規登録後のリダイレクト先が、新規登録できたユーザの詳細画面になっている (FAILED - 6)[0m
  ユーザログイン
    表示内容の確認
[32m      URLが正しい[0m
[32m      「Log in」と表示される[0m
[32m      nameフォームが表示される[0m
[32m      passwordフォームが表示される[0m
[32m      Log inボタンが表示される[0m
[32m      emailフォームは表示されない[0m
    ログイン成功のテスト
[32m      ログイン後のリダイレクト先が、ログインしたユーザの詳細画面になっている[0m
    ログイン失敗のテスト
[32m      ログインに失敗し、ログイン画面にリダイレクトされる[0m
  ヘッダーのテスト: ログインしている場合
    ヘッダーの表示を確認
[32m      Bookersリンクが表示される: 左上から1番目のリンクが「Bookers」である[0m
[32m      Homeリンクが表示される: 左上から2番目のリンクが「Home」である[0m
[32m      Usersリンクが表示される: 左上から3番目のリンクが「Users」である[0m
[32m      Booksリンクが表示される: 左上から4番目のリンクが「Books」である[0m
[32m      Log outリンクが表示される: 左上から5番目のリンクが「Log out」である[0m
  ユーザログアウトのテスト
    ログアウト機能のテスト
[31m      正しくログアウトできている: ログアウト後のリダイレクト先においてAbout画面へのリンクが存在する (FAILED - 7)[0m
[32m      ログアウト後のリダイレクト先が、トップになっている[0m

[STEP2] ユーザログイン後のテスト
  ヘッダーのテスト: ログインしている場合
    リンクの内容を確認: ※logoutは『ユーザログアウトのテスト』でテスト済みになります。
[32m      Homeを押すと、自分のユーザ詳細画面に遷移する[0m
[32m      Usersを押すと、ユーザ一覧画面に遷移する[0m
[32m      Booksを押すと、投稿一覧画面に遷移する[0m
  投稿一覧画面のテスト
    表示内容の確認
[32m      URLが正しい[0m
[31m      自分と他人の画像のリンク先が正しい (FAILED - 8)[0m
[32m      自分の投稿と他人の投稿のタイトルのリンク先がそれぞれ正しい[0m
[32m      自分の投稿と他人の投稿のオピニオンが表示される[0m
    サイドバーの確認
[32m      自分の名前と紹介文が表示される[0m
[32m      自分のユーザ編集画面へのリンクが存在する[0m
[32m      「New book」と表示される[0m
[32m      titleフォームが表示される[0m
[32m      titleフォームに値が入っていない[0m
[32m      bodyフォームが表示される[0m
[32m      bodyフォームに値が入っていない[0m
[32m      Create Bookボタンが表示される[0m
    投稿成功のテスト
[32m      自分の新しい投稿が正しく保存される[0m
[31m      リダイレクト先が、保存できた投稿の詳細画面になっている (FAILED - 9)[0m
  自分の投稿詳細画面のテスト
    表示内容の確認
[32m      URLが正しい[0m
[32m      「Book detail」と表示される[0m
[32m      ユーザ画像・名前のリンク先が正しい[0m
[32m      投稿のtitleが表示される[0m
[31m      投稿のbodyが表示される (FAILED - 10)[0m
[32m      投稿の編集リンクが表示される[0m
[32m      投稿の削除リンクが表示される[0m
    サイドバーの確認
[32m      自分の名前と紹介文が表示される[0m
[32m      自分のユーザ編集画面へのリンクが存在する[0m
[32m      「New book」と表示される[0m
[32m      titleフォームが表示される[0m
[32m      titleフォームに値が入っていない[0m
[32m      bodyフォームが表示される[0m
[32m      bodyフォームに値が入っていない[0m
[32m      Create Bookボタンが表示される[0m
    投稿成功のテスト
[32m      自分の新しい投稿が正しく保存される[0m
    編集リンクのテスト
[32m      編集画面に遷移する[0m
    削除リンクのテスト
[32m      application.html.erbにjavascript_pack_tagを含んでいる[0m
[32m      正しく削除される[0m
[32m      リダイレクト先が、投稿一覧画面になっている[0m
  自分の投稿編集画面のテスト
    表示の確認
[32m      URLが正しい[0m
[32m      「Editing Book」と表示される[0m
[32m      title編集フォームが表示される[0m
[32m      body編集フォームが表示される[0m
[32m      Update Bookボタンが表示される[0m
[32m      Showリンクが表示される[0m
[32m      Backリンクが表示される[0m
    編集成功のテスト
[32m      titleが正しく更新される[0m
[32m      bodyが正しく更新される[0m
[32m      リダイレクト先が、更新した投稿の詳細画面になっている[0m
  ユーザ一覧画面のテスト
    表示内容の確認
[32m      URLが正しい[0m
[32m      自分と他人の画像が表示される: fallbackの画像がサイドバーの1つ＋一覧(2人)の2つの計3つ存在する[0m
[32m      自分と他人の名前がそれぞれ表示される[0m
[32m      自分と他人のshowリンクがそれぞれ表示される[0m
    サイドバーの確認
[32m      自分の名前と紹介文が表示される[0m
[32m      自分のユーザ編集画面へのリンクが存在する[0m
[32m      「New book」と表示される[0m
[32m      titleフォームが表示される[0m
[32m      titleフォームに値が入っていない[0m
[32m      bodyフォームが表示される[0m
[32m      bodyフォームに値が入っていない[0m
[32m      Create Bookボタンが表示される[0m
  自分のユーザ詳細画面のテスト
    表示の確認
[32m      URLが正しい[0m
[32m      投稿一覧のユーザ画像のリンク先が正しい[0m
[31m      投稿一覧に自分の投稿のtitleが表示され、リンクが正しい (FAILED - 11)[0m
[31m      投稿一覧に自分の投稿のbodyが表示される (FAILED - 12)[0m
[32m      他人の投稿は表示されない[0m
    サイドバーの確認
[32m      自分の名前と紹介文が表示される[0m
[32m      自分のユーザ編集画面へのリンクが存在する[0m
[32m      「New book」と表示される[0m
[32m      titleフォームが表示される[0m
[32m      titleフォームに値が入っていない[0m
[32m      bodyフォームが表示される[0m
[32m      bodyフォームに値が入っていない[0m
[32m      Create Bookボタンが表示される[0m
  自分のユーザ情報編集画面のテスト
    表示の確認
[32m      URLが正しい[0m
[31m      名前編集フォームに自分の名前が表示される (FAILED - 13)[0m
[32m      画像編集フォームが表示される[0m
[32m      自己紹介編集フォームに自分の自己紹介文が表示される[0m
[32m      Update Userボタンが表示される[0m
    更新成功のテスト
[31m      nameが正しく更新される (FAILED - 14)[0m
[31m      introductionが正しく更新される (FAILED - 15)[0m
[31m      リダイレクト先が、自分のユーザ詳細画面になっている (FAILED - 16)[0m

[STEP3] 仕上げのテスト
  サクセスメッセージのテスト
[31m    ユーザ新規登録成功時 (FAILED - 17)[0m
[32m    ユーザログイン成功時[0m
[32m    ユーザログアウト成功時[0m
[31m    ユーザのプロフィール情報更新成功時 (FAILED - 18)[0m
[32m    投稿データの新規投稿成功時: 投稿一覧画面から行います。[0m
[32m    投稿データの更新成功時[0m
  処理失敗時のテスト
    ユーザ新規登録失敗: nameを1文字にする
[32m      新規登録されない[0m
[32m      新規登録画面を表示しており、フォームの内容が正しい[0m
[32m      バリデーションエラーが表示される[0m
    ユーザのプロフィール情報編集失敗: nameを1文字にする
[31m      更新されない (FAILED - 19)[0m
[31m      ユーザ編集画面を表示しており、フォームの内容が正しい (FAILED - 20)[0m
[31m      バリデーションエラーが表示される (FAILED - 21)[0m
    投稿データの新規投稿失敗: 投稿一覧画面から行い、titleを空にする
[32m      投稿が保存されない[0m
[31m      投稿一覧画面を表示している (FAILED - 22)[0m
[32m      新規投稿フォームの内容が正しい[0m
[31m      バリデーションエラーが表示される (FAILED - 23)[0m
    投稿データの更新失敗: titleを空にする
[32m      投稿が更新されない[0m
[32m      投稿編集画面を表示しており、フォームの内容が正しい[0m
[32m      エラーメッセージが表示される[0m
  ログインしていない場合のアクセス制限のテスト: アクセスできず、ログイン画面に遷移する
[32m    ユーザ一覧画面[0m
[32m    ユーザ詳細画面[0m
[32m    ユーザ情報編集画面[0m
[32m    投稿一覧画面[0m
[32m    投稿詳細画面[0m
[32m    投稿編集画面[0m
  他人の画面のテスト
    他人の投稿詳細画面のテスト
      表示内容の確認
[32m        URLが正しい[0m
[32m        「Book detail」と表示される[0m
[32m        ユーザ画像・名前のリンク先が正しい[0m
[32m        投稿のtitleが表示される[0m
[31m        投稿のopinionが表示される (FAILED - 24)[0m
[32m        投稿の編集リンクが表示されない[0m
[32m        投稿の削除リンクが表示されない[0m
      サイドバーの確認
[31m        他人の名前と紹介文が表示される (FAILED - 25)[0m
[31m        他人のユーザ編集画面へのリンクが存在する (FAILED - 26)[0m
[31m        自分の名前と紹介文は表示されない (FAILED - 27)[0m
[31m        自分のユーザ編集画面へのリンクは存在しない (FAILED - 28)[0m
    他人の投稿編集画面
[31m      遷移できず、投稿一覧画面にリダイレクトされる (FAILED - 29)[0m
    他人のユーザ詳細画面のテスト
      表示の確認
[32m        URLが正しい[0m
[31m        投稿一覧のユーザ画像のリンク先が正しい (FAILED - 30)[0m
[31m        投稿一覧に他人の投稿のtitleが表示され、リンクが正しい (FAILED - 31)[0m
[31m        投稿一覧に他人の投稿のopinionが表示される (FAILED - 32)[0m
[32m        自分の投稿は表示されない[0m
      サイドバーの確認
[32m        他人の名前と紹介文が表示される[0m
[31m        他人のユーザ編集画面へのリンクが存在する (FAILED - 33)[0m
[32m        自分の名前と紹介文は表示されない[0m
[32m        自分のユーザ編集画面へのリンクは存在しない[0m
    他人のユーザ情報編集画面
[31m      遷移できず、自分のユーザ詳細画面にリダイレクトされる (FAILED - 34)[0m
  グリッドシステムのテスト: container, row, col-md-〇を正しく使えている
[32m    ユーザ一覧画面[0m
[32m    ユーザ詳細画面[0m
[32m    投稿一覧画面[0m
[32m    投稿詳細画面[0m
  アイコンのテスト
    トップ画面
[32m      本のアイコンが表示される[0m
    アバウト画面
[31m      本のアイコンが表示される (FAILED - 35)[0m
    ヘッダー: ログインしていない場合
[32m      Homeリンクのアイコンが表示される[0m
[32m      Aboutリンクのアイコンが表示される[0m
[32m      Sign upリンクのアイコンが表示される[0m
[32m      Log inリンクのアイコンが表示される[0m
    ヘッダー: ログインしている場合
[32m      Homeリンクのアイコンが表示される[0m
[32m      Usersリンクのアイコンが表示される[0m
[32m      Booksリンクのアイコンが表示される[0m
[31m      Log outリンクのアイコンが表示される (FAILED - 36)[0m
    サイドバー
[32m      ユーザ一覧画面でレンチアイコンが表示される[0m
[32m      ユーザ詳細画面でレンチアイコンが表示される[0m
[32m      投稿一覧画面でレンチアイコンが表示される[0m
[32m      投稿詳細画面でレンチアイコンが表示される[0m

Failures:

  1) UsersController GET #edit ログインユーザーの場合 @userが正しく設定されていること
     [31mFailure/Error: expect(response.body).to include user.name[0m
     [31m[0m
     [31m  expected "<!DOCTYPE html>\n<html>\n  <head>\n    <title>Bookers2</title>\n    <meta name=\"viewport\" content=...ight Infratop.inc</p>\n       </div>\n      </div>\n    </div>\n  </footer>\n</body>\n  \n</html>\n" to include "i46wmmr11d"[0m
     [31m  Diff:[0m[0m
     [31m  [0m[34m@@ -1,111 +1,221 @@[0m
     [31m  [0m[31m-i46wmmr11d[0m
     [31m  [0m[32m+<!DOCTYPE html>[0m
     [31m  [0m[32m+<html>[0m
     [31m  [0m[32m+  <head>[0m
     [31m  [0m[32m+    <title>Bookers2</title>[0m
     [31m  [0m[32m+    <meta name="viewport" content="width=device-width,initial-scale=1">[0m
     [31m  [0m[32m+    [0m
     [31m  [0m[32m+    [0m
     [31m  [0m[32m+[0m
     [31m  [0m[32m+    <script src="https://kit.fontawesome.com/44f6061d41.js" crossorigin="anonymous"></script>[0m
     [31m  [0m[32m+[0m
     [31m  [0m[32m+    [0m
     [31m  [0m[32m+    <script src="/packs-test/js/application-e6da55675945498ce020.js" data-turbolinks-track="reload"></script>[0m
     [31m  [0m[32m+  </head>[0m
     [31m  [0m[32m+[0m
     [31m  [0m[32m+  <body>[0m
     [31m  [0m[32m+  <header>[0m
     [31m  [0m[32m+  <nav class="navbar navbar-expand-lg navbar-dark bg-dark">[0m
     [31m  [0m[32m+    <div class="container">[0m
     [31m  [0m[32m+      <a class="navbar-brand" href="/">[0m
     [31m  [0m[32m+        <span>Bookers</span>[0m
     [31m  [0m[32m+      </a>[0m
     [31m  [0m[32m+      <button class="navbar-toggler" type="button" data-toggle="collapse" data-target="#navbarNavDropdown" [0m
     [31m  [0m[32m+      aria-controls="navbarNavDropdown" aria-expanded="false" aria-label="Toggle navigation">[0m
     [31m  [0m[32m+        <span class="navbar-toggler-icon"></span>[0m
     [31m  [0m[32m+      </button>[0m
     [31m  [0m[32m+      <div class="collapse navbar-collapse" id="navbarNavDropdown" style="display: flex; justify-content: flex-end;">[0m
     [31m  [0m[32m+        <ul style="list-style: none; display: flex; gap: 15px; margin: 0; padding: 0;">[0m
     [31m  [0m[32m+            <li>[0m
     [31m  [0m[32m+              <a style="color: white; text-decoration: none; display: flex; align-items: center;" href="/users/1">[0m
     [31m  [0m[32m+                <i class="fa-solid fa-house" style="margin-right: 4px;"></i>[0m
     [31m  [0m[32m+                Home[0m
     [31m  [0m[32m+</a>            </li>[0m
     [31m  [0m[32m+            <li>[0m
     [31m  [0m[32m+              <a style="color: white; text-decoration: none; display: flex; align-items: center;" href="/users">[0m
     [31m  [0m[32m+                <i class="fa-solid fa-users" style="margin-right: 4px;"></i>[0m
     [31m  [0m[32m+                Users[0m
     [31m  [0m[32m+</a>            </li>[0m
     [31m  [0m[32m+            <li>[0m
     [31m  [0m[32m+              <a style="color: white; text-decoration: none; display: flex; align-items: center;" href="/books">[0m
     [31m  [0m[32m+                <i class="fa-solid fa-book-open" style="margin-right: 4px;"></i>[0m
     [31m  [0m[32m+                Books[0m
     [31m  [0m[32m+</a>            </li>[0m
     [31m  [0m[32m+            <li style="display: flex; align-items: center;">[0m
     [31m  [0m[32m+            <a style="color: white; text-decoration: none; display: flex; align-items: center;" rel="nofollow" data-method="delete" href="/users/sign_out">[0m
     [31m  [0m[32m+              <i class="fa-solid fa-right-to-bracket" style="margin-right: 4px;"></i>[0m
     [31m  [0m[32m+              Log out[0m
     [31m  [0m[32m+</a>          </li>[0m
     [31m  [0m[32m+        </ul>[0m
     [31m  [0m[32m+      </div>[0m
     [31m  [0m[32m+    </div>[0m
     [31m  [0m[32m+  </nav>[0m
     [31m  [0m[32m+</header>[0m
     [31m  [0m[32m+[0m
     [31m  [0m[32m+  <main>[0m
     [31m  [0m[32m+[0m
     [31m  [0m[32m+  <div class="container">[0m
     [31m  [0m[32m+    <div class="row">[0m
     [31m  [0m[32m+    </div>[0m
     [31m  [0m[32m+  </div>[0m
     [31m  [0m[32m+    [0m
     [31m  [0m[32m+<div class="container">[0m
     [31m  [0m[32m+  <div class="row">[0m
     [31m  [0m[32m+    <div class="col-sm-12 col-md-8 col-lg-5 px-5 px-sm-0 mx-auto py-3">[0m
     [31m  [0m[32m+      [0m
     [31m  [0m[32m+      <h2>User info</h2>[0m
     [31m  [0m[32m+[0m
     [31m  [0m[32m+      <form enctype="multipart/form-data" action="/users/1" accept-charset="UTF-8" method="post"><input type="hidden" name="_method" value="patch" autocomplete="off" />[0m
     [31m  [0m[32m+        <div class="mb-3">[0m
     [31m  [0m[32m+          <label for="inputName" class="form-label">Name</label>[0m
     [31m  [0m[32m+          <input autofocus="autofocus" id="inputName" placeholder="名前" class="form-control" type="text" name="user[title]" />[0m
     [31m  [0m[32m+        </div>[0m
     [31m  [0m[32m+      [0m
     [31m  [0m[32m+        <div class="mb-3">[0m
     [31m  [0m[32m+          <div class="mb-2">[0m
     [31m  [0m[32m+            <label for="inputImage" class="form-label">Image</label>[0m
     [31m  [0m[32m+          </div>[0m
     [31m  [0m[32m+          <div>[0m
     [31m  [0m[32m+            <input placeholder="プロフィール画像" accept="image/*" type="file" name="user[profile_image]" id="user_profile_image" />[0m
     [31m  [0m[32m+          </div>[0m
     [31m  [0m[32m+        </div>[0m
     [31m  [0m[32m+      [0m
     [31m  [0m[32m+        [0m
     [31m  [0m[32m+        <div class="mb-3">[0m
     [31m  [0m[32m+          <label for="inputIntroduction" class="form-label">Introduction</label>[0m
     [31m  [0m[32m+          <textarea id="inputIntroduction" placeholder="自己紹介を書いてください" class="form-control" name="user[introduction]">[0m
     [31m  [0m[32m+x8e7s5443yirtr2uuj9r</textarea>[0m
     [31m  [0m[32m+        </div>[0m
     [31m  [0m[32m+      [0m
     [31m  [0m[32m+        <div>[0m
     [31m  [0m[32m+          <input type="submit" name="commit" value="Update User" class="btn btn-secondary" data-disable-with="Update User" />[0m
     [31m  [0m[32m+        </div>[0m
     [31m  [0m[32m+</form>[0m
     [31m  [0m[32m+    </div>  [0m
     [31m  [0m[32m+  </div>[0m
     [31m  [0m[32m+</div>[0m
     [31m  [0m[32m+[0m
     [31m  [0m[32m+[0m
     [31m  [0m[32m+</main>[0m
     [31m  [0m[32m+[0m
     [31m  [0m[32m+  <footer>[0m
     [31m  [0m[32m+    <div class="container mt-5">[0m
     [31m  [0m[32m+      <div class="row">[0m
     [31m  [0m[32m+       <div class="mx-auto">[0m
     [31m  [0m[32m+        <p>CopyRight Infratop.inc</p>[0m
     [31m  [0m[32m+       </div>[0m
     [31m  [0m[32m+      </div>[0m
     [31m  [0m[32m+    </div>[0m
     [31m  [0m[32m+  </footer>[0m
     [31m  [0m[32m+</body>[0m
     [31m  [0m[32m+  [0m
     [31m  [0m[32m+</html>[0m
     [31m  [0m[0m
     [36m# ./spec/controllers/users_controller_spec.rb:19:in `block (4 levels) in <top (required)>'[0m

  2) [STEP1] ユーザログイン前のテスト トップ画面のテスト 表示内容の確認 Sign upリンクが表示される: 緑色のボタンの表示が「Sign up」である
     [31mFailure/Error: expect(sign_up_link).to match(/Sign up/)[0m
     [31m[0m
     [31m  expected "Sign Up" to match /Sign up/[0m
     [31m  Diff:[0m[0m
     [31m  [0m[34m@@ -1 +1 @@[0m
     [31m  [0m[31m-/Sign up/[0m
     [31m  [0m[32m+"Sign Up"[0m
     [31m  [0m[0m
     [36m# ./spec/system/01_before_login_spec.rb:23:in `block (4 levels) in <main>'[0m

  3) [STEP1] ユーザログイン前のテスト アバウト画面のテスト 表示内容の確認 URLが正しい
     [31mFailure/Error: visit '/home/about'[0m
     [31m[0m
     [31mActionController::RoutingError:[0m
     [31m  No route matches [GET] "/home/about"[0m
     [36m# ./spec/system/01_before_login_spec.rb:34:in `block (3 levels) in <main>'[0m

  4) [STEP1] ユーザログイン前のテスト ヘッダーのテスト: ログインしていない場合 リンクの内容を確認 Aboutを押すと、アバウト画面に遷移する
     [31mFailure/Error: is_expected.to eq '/home/about'[0m
     [31m[0m
     [31m  expected: "/home/about"[0m
     [31m       got: "/homes/about"[0m
     [31m[0m
     [31m  (compared using ==)[0m
     [36m# ./spec/system/01_before_login_spec.rb:93:in `block (4 levels) in <main>'[0m

  5) [STEP1] ユーザログイン前のテスト ユーザ新規登録のテスト 新規登録成功のテスト 正しく新規登録される
     [31mFailure/Error: expect { click_button 'Sign up' }.to change(User.all, :count).by(1)[0m
     [31m  expected `User::ActiveRecord_Relation#count` to have changed by 1, but was changed by 0[0m
     [36m# ./spec/system/01_before_login_spec.rb:148:in `block (4 levels) in <main>'[0m

  6) [STEP1] ユーザログイン前のテスト ユーザ新規登録のテスト 新規登録成功のテスト 新規登録後のリダイレクト先が、新規登録できたユーザの詳細画面になっている
     [31mFailure/Error: expect(current_path).to eq '/users/' + User.last.id.to_s[0m
     [31m[0m
     [31mNoMethodError:[0m
     [31m  undefined method `id' for nil:NilClass[0m
     [31m[0m
     [31m          expect(current_path).to eq '/users/' + User.last.id.to_s[0m
     [31m                                                          ^^^[0m
     [36m# ./spec/system/01_before_login_spec.rb:152:in `block (4 levels) in <main>'[0m

  7) [STEP1] ユーザログイン前のテスト ユーザログアウトのテスト ログアウト機能のテスト 正しくログアウトできている: ログアウト後のリダイレクト先においてAbout画面へのリンクが存在する
     [31mFailure/Error: expect(page).to have_link '', href: '/home/about'[0m
     [31m  expected to find link "" with href "/home/about" but there were no matches[0m
     [36m# ./spec/system/01_before_login_spec.rb:259:in `block (4 levels) in <main>'[0m

  8) [STEP2] ユーザログイン後のテスト 投稿一覧画面のテスト 表示内容の確認 自分と他人の画像のリンク先が正しい
     [31mFailure/Error: expect(page).to have_link '', href: user_path(other_book.user)[0m
     [31m  expected to find link "" with href "/users/2" but there were no matches[0m
     [36m# ./spec/system/02_after_login_spec.rb:52:in `block (4 levels) in <main>'[0m

  9) [STEP2] ユーザログイン後のテスト 投稿一覧画面のテスト 投稿成功のテスト リダイレクト先が、保存できた投稿の詳細画面になっている
     [31mFailure/Error: expect(current_path).to eq '/books/' + Book.last.id.to_s[0m
     [31m[0m
     [31m  expected: "/books/3"[0m
     [31m       got: "/books.3"[0m
     [31m[0m
     [31m  (compared using ==)[0m
     [36m# ./spec/system/02_after_login_spec.rb:103:in `block (4 levels) in <main>'[0m

  10) [STEP2] ユーザログイン後のテスト 自分の投稿詳細画面のテスト 表示内容の確認 投稿のbodyが表示される
      [31mFailure/Error: expect(page).to have_content book.body[0m
      [31m  expected to find text "99roaida3s8r15kd6556" in "Bookers\nHome Users Books Log out\nUser info\nname r3m7k6ypxu introduction vcteh8si5pqubuum8w46\nNew book\nTitle\nOpinion\nBook detail\nr3m7k6ypxu 86xdz r3m7k6ypxu\nEdit Destroy\nCopyRight Infratop.inc"[0m
      [36m# ./spec/system/02_after_login_spec.rb:127:in `block (4 levels) in <main>'[0m

  11) [STEP2] ユーザログイン後のテスト 自分のユーザ詳細画面のテスト 表示の確認 投稿一覧に自分の投稿のtitleが表示され、リンクが正しい
      [31mFailure/Error: expect(page).to have_link book.title, href: book_path(book)[0m
      [31m  expected to find link "yhnjz" with href "/books/1" but there were no matches[0m
      [36m# ./spec/system/02_after_login_spec.rb:327:in `block (4 levels) in <main>'[0m

  12) [STEP2] ユーザログイン後のテスト 自分のユーザ詳細画面のテスト 表示の確認 投稿一覧に自分の投稿のbodyが表示される
      [31mFailure/Error: expect(page).to have_content book.body[0m
      [31m  expected to find text "7fcoqr1hhx7kqrbaw7vu" in "Bookers\nHome Users Books Log out\nUser info\nname 3snez4h1d9 introduction ocbu2mb5kt70j4e1p317\nNew book\nTitle\nOpinion\nBooks\nTitle Opinion\nCopyRight Infratop.inc"[0m
      [36m# ./spec/system/02_after_login_spec.rb:330:in `block (4 levels) in <main>'[0m

  13) [STEP2] ユーザログイン後のテスト 自分のユーザ情報編集画面のテスト 表示の確認 名前編集フォームに自分の名前が表示される
      [31mFailure/Error: expect(page).to have_field 'user[name]', with: user.name[0m
      [31m  expected to find field "user[name]" that is not disabled but there were no matches[0m
      [36m# ./spec/system/02_after_login_spec.rb:378:in `block (4 levels) in <main>'[0m

  14) [STEP2] ユーザログイン後のテスト 自分のユーザ情報編集画面のテスト 更新成功のテスト nameが正しく更新される
      [31mFailure/Error: fill_in 'user[name]', with: Faker::Lorem.characters(number: 9)[0m
      [31m[0m
      [31mCapybara::ElementNotFound:[0m
      [31m  Unable to find field "user[name]" that is not disabled[0m
      [36m# ./spec/system/02_after_login_spec.rb:395:in `block (4 levels) in <main>'[0m

  15) [STEP2] ユーザログイン後のテスト 自分のユーザ情報編集画面のテスト 更新成功のテスト introductionが正しく更新される
      [31mFailure/Error: fill_in 'user[name]', with: Faker::Lorem.characters(number: 9)[0m
      [31m[0m
      [31mCapybara::ElementNotFound:[0m
      [31m  Unable to find field "user[name]" that is not disabled[0m
      [36m# ./spec/system/02_after_login_spec.rb:395:in `block (4 levels) in <main>'[0m

  16) [STEP2] ユーザログイン後のテスト 自分のユーザ情報編集画面のテスト 更新成功のテスト リダイレクト先が、自分のユーザ詳細画面になっている
      [31mFailure/Error: fill_in 'user[name]', with: Faker::Lorem.characters(number: 9)[0m
      [31m[0m
      [31mCapybara::ElementNotFound:[0m
      [31m  Unable to find field "user[name]" that is not disabled[0m
      [36m# ./spec/system/02_after_login_spec.rb:395:in `block (4 levels) in <main>'[0m

  17) [STEP3] 仕上げのテスト サクセスメッセージのテスト ユーザ新規登録成功時
      [31mFailure/Error: is_expected.to have_content 'successfully'[0m
      [31m  expected to find text "successfully" in "Bookers\nHome About Sign up Log in\nSign up\n1 error prohibited this user from being saved:\nIntroduction can't be blank\nName\nEmail\nPassword (6 characters minimum)\nPassword confirmation\nLog in\nCopyRight Infratop.inc"[0m
      [36m# ./spec/system/03_finishing_touches_spec.rb:19:in `block (3 levels) in <main>'[0m

  18) [STEP3] 仕上げのテスト サクセスメッセージのテスト ユーザのプロフィール情報更新成功時
      [31mFailure/Error: is_expected.to have_content 'successfully'[0m
      [31m  expected to find text "successfully" in "Bookers\nHome Users Books Log out\nUser info\nname x3fte8c9qg introduction v29qzdnuch40a6kawrvt\nNew book\nTitle\nOpinion\nBooks\nTitle Opinion\nCopyRight Infratop.inc"[0m
      [36m# ./spec/system/03_finishing_touches_spec.rb:45:in `block (3 levels) in <main>'[0m

  19) [STEP3] 仕上げのテスト 処理失敗時のテスト ユーザのプロフィール情報編集失敗: nameを1文字にする 更新されない
      [31mFailure/Error: fill_in 'user[name]', with: @name[0m
      [31m[0m
      [31mCapybara::ElementNotFound:[0m
      [31m  Unable to find field "user[name]" that is not disabled[0m
      [36m# ./spec/system/03_finishing_touches_spec.rb:105:in `block (4 levels) in <main>'[0m

  20) [STEP3] 仕上げのテスト 処理失敗時のテスト ユーザのプロフィール情報編集失敗: nameを1文字にする ユーザ編集画面を表示しており、フォームの内容が正しい
      [31mFailure/Error: fill_in 'user[name]', with: @name[0m
      [31m[0m
      [31mCapybara::ElementNotFound:[0m
      [31m  Unable to find field "user[name]" that is not disabled[0m
      [36m# ./spec/system/03_finishing_touches_spec.rb:105:in `block (4 levels) in <main>'[0m

  21) [STEP3] 仕上げのテスト 処理失敗時のテスト ユーザのプロフィール情報編集失敗: nameを1文字にする バリデーションエラーが表示される
      [31mFailure/Error: fill_in 'user[name]', with: @name[0m
      [31m[0m
      [31mCapybara::ElementNotFound:[0m
      [31m  Unable to find field "user[name]" that is not disabled[0m
      [36m# ./spec/system/03_finishing_touches_spec.rb:105:in `block (4 levels) in <main>'[0m

  22) [STEP3] 仕上げのテスト 処理失敗時のテスト 投稿データの新規投稿失敗: 投稿一覧画面から行い、titleを空にする 投稿一覧画面を表示している
      [31mFailure/Error: expect(page).to have_content book.body[0m
      [31m[0m
      [31mCapybara::ElementNotFound:[0m
      [31m  Unable to find xpath "/html"[0m
      [36m# ./spec/system/03_finishing_touches_spec.rb:137:in `block (4 levels) in <main>'[0m

  23) [STEP3] 仕上げのテスト 処理失敗時のテスト 投稿データの新規投稿失敗: 投稿一覧画面から行い、titleを空にする バリデーションエラーが表示される
      [31mFailure/Error: expect(page).to have_content "can't be blank"[0m
      [31m[0m
      [31mCapybara::ElementNotFound:[0m
      [31m  Unable to find xpath "/html"[0m
      [36m# ./spec/system/03_finishing_touches_spec.rb:146:in `block (4 levels) in <main>'[0m

  24) [STEP3] 仕上げのテスト 他人の画面のテスト 他人の投稿詳細画面のテスト 表示内容の確認 投稿のopinionが表示される
      [31mFailure/Error: expect(page).to have_content other_book.body[0m
      [31m  expected to find text "yywg6fm1i9yboctv4m0e" in "Bookers\nHome Users Books Log out\nUser info\nname 3cnl5j5l5c introduction yilnzzr6j7hw49ewrry6\nNew book\nTitle\nOpinion\nBook detail\n9lityllwkt 9d5sc 9lityllwkt\nCopyRight Infratop.inc"[0m
      [36m# ./spec/system/03_finishing_touches_spec.rb:232:in `block (5 levels) in <main>'[0m

  25) [STEP3] 仕上げのテスト 他人の画面のテスト 他人の投稿詳細画面のテスト サイドバーの確認 他人の名前と紹介文が表示される
      [31mFailure/Error: expect(page).to have_content other_user.introduction[0m
      [31m  expected to find text "ir1jr8fwsscvipopswfa" in "Bookers\nHome Users Books Log out\nUser info\nname fjv7v41tf5 introduction wfqhzo8ygagir53x0h5v\nNew book\nTitle\nOpinion\nBook detail\ngkoyrabhyu 45mnt gkoyrabhyu\nCopyRight Infratop.inc"[0m
      [36m# ./spec/system/03_finishing_touches_spec.rb:245:in `block (5 levels) in <main>'[0m

  26) [STEP3] 仕上げのテスト 他人の画面のテスト 他人の投稿詳細画面のテスト サイドバーの確認 他人のユーザ編集画面へのリンクが存在する
      [31mFailure/Error: expect(page).to have_link '', href: edit_user_path(other_user)[0m
      [31m  expected to find link "" with href "/users/2/edit" but there were no matches[0m
      [36m# ./spec/system/03_finishing_touches_spec.rb:248:in `block (5 levels) in <main>'[0m

  27) [STEP3] 仕上げのテスト 他人の画面のテスト 他人の投稿詳細画面のテスト サイドバーの確認 自分の名前と紹介文は表示されない
      [31mFailure/Error: expect(page).not_to have_content user.name[0m
      [31m  expected not to find text "f309b5qhl4" in "Bookers\nHome Users Books Log out\nUser info\nname f309b5qhl4 introduction uc1620fkwd3km818nngo\nNew book\nTitle\nOpinion\nBook detail\ngbrlaj99dw x1w2s gbrlaj99dw\nCopyRight Infratop.inc"[0m
      [36m# ./spec/system/03_finishing_touches_spec.rb:251:in `block (5 levels) in <main>'[0m

  28) [STEP3] 仕上げのテスト 他人の画面のテスト 他人の投稿詳細画面のテスト サイドバーの確認 自分のユーザ編集画面へのリンクは存在しない
      [31mFailure/Error: expect(page).not_to have_link '', href: edit_user_path(user)[0m
      [31m  expected not to find visible link "" with href "/users/1/edit", found 1 match: ""[0m
      [36m# ./spec/system/03_finishing_touches_spec.rb:255:in `block (5 levels) in <main>'[0m

  29) [STEP3] 仕上げのテスト 他人の画面のテスト 他人の投稿編集画面 遷移できず、投稿一覧画面にリダイレクトされる
      [31mFailure/Error: expect(current_path).to eq '/books'[0m
      [31m[0m
      [31m  expected: "/books"[0m
      [31m       got: "/books/3/edit"[0m
      [31m[0m
      [31m  (compared using ==)[0m
      [36m# ./spec/system/03_finishing_touches_spec.rb:269:in `block (4 levels) in <main>'[0m

  30) [STEP3] 仕上げのテスト 他人の画面のテスト 他人のユーザ詳細画面のテスト 表示の確認 投稿一覧のユーザ画像のリンク先が正しい
      [31mFailure/Error: expect(page).to have_link '', href: user_path(other_user)[0m
      [31m  expected to find link "" with href "/users/2" but there were no matches[0m
      [36m# ./spec/system/03_finishing_touches_spec.rb:283:in `block (5 levels) in <main>'[0m

  31) [STEP3] 仕上げのテスト 他人の画面のテスト 他人のユーザ詳細画面のテスト 表示の確認 投稿一覧に他人の投稿のtitleが表示され、リンクが正しい
      [31mFailure/Error: expect(page).to have_link other_book.title, href: book_path(other_book)[0m
      [31m  expected to find link "ursk8" with href "/books/2" but there were no matches[0m
      [36m# ./spec/system/03_finishing_touches_spec.rb:286:in `block (5 levels) in <main>'[0m

  32) [STEP3] 仕上げのテスト 他人の画面のテスト 他人のユーザ詳細画面のテスト 表示の確認 投稿一覧に他人の投稿のopinionが表示される
      [31mFailure/Error: expect(page).to have_content other_book.body[0m
      [31m  expected to find text "m133mwdy4yj3qbgqawpx" in "Bookers\nHome Users Books Log out\nUser info\nname m36c4yxl2l introduction w1dodf6so63yrrlytsai\nNew book\nTitle\nOpinion\nBooks\nTitle Opinion\nCopyRight Infratop.inc"[0m
      [36m# ./spec/system/03_finishing_touches_spec.rb:289:in `block (5 levels) in <main>'[0m

  33) [STEP3] 仕上げのテスト 他人の画面のテスト 他人のユーザ詳細画面のテスト サイドバーの確認 他人のユーザ編集画面へのリンクが存在する
      [31mFailure/Error: expect(page).to have_link '', href: edit_user_path(other_user)[0m
      [31m  expected to find link "" with href "/users/2/edit" but there were no matches[0m
      [36m# ./spec/system/03_finishing_touches_spec.rb:303:in `block (5 levels) in <main>'[0m

  34) [STEP3] 仕上げのテスト 他人の画面のテスト 他人のユーザ情報編集画面 遷移できず、自分のユーザ詳細画面にリダイレクトされる
      [31mFailure/Error: expect(current_path).to eq '/users/' + user.id.to_s[0m
      [31m[0m
      [31m  expected: "/users/1"[0m
      [31m       got: "/users/2/edit"[0m
      [31m[0m
      [31m  (compared using ==)[0m
      [36m# ./spec/system/03_finishing_touches_spec.rb:318:in `block (4 levels) in <main>'[0m

  35) [STEP3] 仕上げのテスト アイコンのテスト アバウト画面 本のアイコンが表示される
      [31mFailure/Error: visit '/home/about'[0m
      [31m[0m
      [31mActionController::RoutingError:[0m
      [31m  No route matches [GET] "/home/about"[0m
      [36m# ./spec/system/03_finishing_touches_spec.rb:372:in `block (4 levels) in <main>'[0m

  36) [STEP3] 仕上げのテスト アイコンのテスト ヘッダー: ログインしている場合 Log outリンクのアイコンが表示される
      [31mFailure/Error: is_expected.to have_selector '.fa-solid.fa-right-from-bracket, .fa-solid.fa-sign-out-alt, .fas.fa-sign-out-alt'[0m
      [31m  expected to find css ".fa-solid.fa-right-from-bracket, .fa-solid.fa-sign-out-alt, .fas.fa-sign-out-alt" but there were no matches[0m
      [36m# ./spec/system/03_finishing_touches_spec.rb:421:in `block (4 levels) in <main>'[0m

Finished in 4 minutes 9.9 seconds (files took 3.03 seconds to load)
[31m201 examples, 36 failures[0m

Failed examples:

[31mrspec ./spec/controllers/users_controller_spec.rb:18[0m [36m# UsersController GET #edit ログインユーザーの場合 @userが正しく設定されていること[0m
[31mrspec ./spec/system/01_before_login_spec.rb:21[0m [36m# [STEP1] ユーザログイン前のテスト トップ画面のテスト 表示内容の確認 Sign upリンクが表示される: 緑色のボタンの表示が「Sign up」である[0m
[31mrspec ./spec/system/01_before_login_spec.rb:38[0m [36m# [STEP1] ユーザログイン前のテスト アバウト画面のテスト 表示内容の確認 URLが正しい[0m
[31mrspec ./spec/system/01_before_login_spec.rb:89[0m [36m# [STEP1] ユーザログイン前のテスト ヘッダーのテスト: ログインしていない場合 リンクの内容を確認 Aboutを押すと、アバウト画面に遷移する[0m
[31mrspec ./spec/system/01_before_login_spec.rb:147[0m [36m# [STEP1] ユーザログイン前のテスト ユーザ新規登録のテスト 新規登録成功のテスト 正しく新規登録される[0m
[31mrspec ./spec/system/01_before_login_spec.rb:150[0m [36m# [STEP1] ユーザログイン前のテスト ユーザ新規登録のテスト 新規登録成功のテスト 新規登録後のリダイレクト先が、新規登録できたユーザの詳細画面になっている[0m
[31mrspec ./spec/system/01_before_login_spec.rb:258[0m [36m# [STEP1] ユーザログイン前のテスト ユーザログアウトのテスト ログアウト機能のテスト 正しくログアウトできている: ログアウト後のリダイレクト先においてAbout画面へのリンクが存在する[0m
[31mrspec ./spec/system/02_after_login_spec.rb:50[0m [36m# [STEP2] ユーザログイン後のテスト 投稿一覧画面のテスト 表示内容の確認 自分と他人の画像のリンク先が正しい[0m
[31mrspec ./spec/system/02_after_login_spec.rb:101[0m [36m# [STEP2] ユーザログイン後のテスト 投稿一覧画面のテスト 投稿成功のテスト リダイレクト先が、保存できた投稿の詳細画面になっている[0m
[31mrspec ./spec/system/02_after_login_spec.rb:126[0m [36m# [STEP2] ユーザログイン後のテスト 自分の投稿詳細画面のテスト 表示内容の確認 投稿のbodyが表示される[0m
[31mrspec ./spec/system/02_after_login_spec.rb:326[0m [36m# [STEP2] ユーザログイン後のテスト 自分のユーザ詳細画面のテスト 表示の確認 投稿一覧に自分の投稿のtitleが表示され、リンクが正しい[0m
[31mrspec ./spec/system/02_after_login_spec.rb:329[0m [36m# [STEP2] ユーザログイン後のテスト 自分のユーザ詳細画面のテスト 表示の確認 投稿一覧に自分の投稿のbodyが表示される[0m
[31mrspec ./spec/system/02_after_login_spec.rb:377[0m [36m# [STEP2] ユーザログイン後のテスト 自分のユーザ情報編集画面のテスト 表示の確認 名前編集フォームに自分の名前が表示される[0m
[31mrspec ./spec/system/02_after_login_spec.rb:402[0m [36m# [STEP2] ユーザログイン後のテスト 自分のユーザ情報編集画面のテスト 更新成功のテスト nameが正しく更新される[0m
[31mrspec ./spec/system/02_after_login_spec.rb:405[0m [36m# [STEP2] ユーザログイン後のテスト 自分のユーザ情報編集画面のテスト 更新成功のテスト introductionが正しく更新される[0m
[31mrspec ./spec/system/02_after_login_spec.rb:408[0m [36m# [STEP2] ユーザログイン後のテスト 自分のユーザ情報編集画面のテスト 更新成功のテスト リダイレクト先が、自分のユーザ詳細画面になっている[0m
[31mrspec ./spec/system/03_finishing_touches_spec.rb:12[0m [36m# [STEP3] 仕上げのテスト サクセスメッセージのテスト ユーザ新規登録成功時[0m
[31mrspec ./spec/system/03_finishing_touches_spec.rb:38[0m [36m# [STEP3] 仕上げのテスト サクセスメッセージのテスト ユーザのプロフィール情報更新成功時[0m
[31mrspec ./spec/system/03_finishing_touches_spec.rb:109[0m [36m# [STEP3] 仕上げのテスト 処理失敗時のテスト ユーザのプロフィール情報編集失敗: nameを1文字にする 更新されない[0m
[31mrspec ./spec/system/03_finishing_touches_spec.rb:112[0m [36m# [STEP3] 仕上げのテスト 処理失敗時のテスト ユーザのプロフィール情報編集失敗: nameを1文字にする ユーザ編集画面を表示しており、フォームの内容が正しい[0m
[31mrspec ./spec/system/03_finishing_touches_spec.rb:115[0m [36m# [STEP3] 仕上げのテスト 処理失敗時のテスト ユーザのプロフィール情報編集失敗: nameを1文字にする バリデーションエラーが表示される[0m
[31mrspec ./spec/system/03_finishing_touches_spec.rb:134[0m [36m# [STEP3] 仕上げのテスト 処理失敗時のテスト 投稿データの新規投稿失敗: 投稿一覧画面から行い、titleを空にする 投稿一覧画面を表示している[0m
[31mrspec ./spec/system/03_finishing_touches_spec.rb:144[0m [36m# [STEP3] 仕上げのテスト 処理失敗時のテスト 投稿データの新規投稿失敗: 投稿一覧画面から行い、titleを空にする バリデーションエラーが表示される[0m
[31mrspec ./spec/system/03_finishing_touches_spec.rb:231[0m [36m# [STEP3] 仕上げのテスト 他人の画面のテスト 他人の投稿詳細画面のテスト 表示内容の確認 投稿のopinionが表示される[0m
[31mrspec ./spec/system/03_finishing_touches_spec.rb:243[0m [36m# [STEP3] 仕上げのテスト 他人の画面のテスト 他人の投稿詳細画面のテスト サイドバーの確認 他人の名前と紹介文が表示される[0m
[31mrspec ./spec/system/03_finishing_touches_spec.rb:247[0m [36m# [STEP3] 仕上げのテスト 他人の画面のテスト 他人の投稿詳細画面のテスト サイドバーの確認 他人のユーザ編集画面へのリンクが存在する[0m
[31mrspec ./spec/system/03_finishing_touches_spec.rb:250[0m [36m# [STEP3] 仕上げのテスト 他人の画面のテスト 他人の投稿詳細画面のテスト サイドバーの確認 自分の名前と紹介文は表示されない[0m
[31mrspec ./spec/system/03_finishing_touches_spec.rb:254[0m [36m# [STEP3] 仕上げのテスト 他人の画面のテスト 他人の投稿詳細画面のテスト サイドバーの確認 自分のユーザ編集画面へのリンクは存在しない[0m
[31mrspec ./spec/system/03_finishing_touches_spec.rb:265[0m [36m# [STEP3] 仕上げのテスト 他人の画面のテスト 他人の投稿編集画面 遷移できず、投稿一覧画面にリダイレクトされる[0m
[31mrspec ./spec/system/03_finishing_touches_spec.rb:282[0m [36m# [STEP3] 仕上げのテスト 他人の画面のテスト 他人のユーザ詳細画面のテスト 表示の確認 投稿一覧のユーザ画像のリンク先が正しい[0m
[31mrspec ./spec/system/03_finishing_touches_spec.rb:285[0m [36m# [STEP3] 仕上げのテスト 他人の画面のテスト 他人のユーザ詳細画面のテスト 表示の確認 投稿一覧に他人の投稿のtitleが表示され、リンクが正しい[0m
[31mrspec ./spec/system/03_finishing_touches_spec.rb:288[0m [36m# [STEP3] 仕上げのテスト 他人の画面のテスト 他人のユーザ詳細画面のテスト 表示の確認 投稿一覧に他人の投稿のopinionが表示される[0m
[31mrspec ./spec/system/03_finishing_touches_spec.rb:302[0m [36m# [STEP3] 仕上げのテスト 他人の画面のテスト 他人のユーザ詳細画面のテスト サイドバーの確認 他人のユーザ編集画面へのリンクが存在する[0m
[31mrspec ./spec/system/03_finishing_touches_spec.rb:316[0m [36m# [STEP3] 仕上げのテスト 他人の画面のテスト 他人のユーザ情報編集画面 遷移できず、自分のユーザ詳細画面にリダイレクトされる[0m
[31mrspec ./spec/system/03_finishing_touches_spec.rb:375[0m [36m# [STEP3] 仕上げのテスト アイコンのテスト アバウト画面 本のアイコンが表示される[0m
[31mrspec ./spec/system/03_finishing_touches_spec.rb:420[0m [36m# [STEP3] 仕上げのテスト アイコンのテスト ヘッダー: ログインしている場合 Log outリンクのアイコンが表示される[0m

